[2022-04-04 14:55:00.490] [PID 4920] [TID 4360] [CONSISTENCY_OPERATIONS] [INFO] [a08f4f16-a277-4856-820e-09b165fd58b2] Starting consistency for base
[2022-04-04 14:55:00.490] [PID 4920] [TID 4360] [CONSISTENCY_OPERATIONS] [INFO] [a08f4f16-a277-4856-820e-09b165fd58b2] Starting run_consistency for configuration : 'base', Compliance status : 'NonCompliant', solution type : 'custom_inguest'
[2022-04-04 14:55:00.490] [PID 4920] [TID 4360] [CONSISTENCY_OPERATIONS] [INFO] [Starting test_dsc_configuration in run_consistency for configuration '{0}'] base
[2022-04-04 14:55:00.490] [PID 4920] [TID 4360] [CONSISTENCY_OPERATIONS] [INFO] [a08f4f16-a277-4856-820e-09b165fd58b2] Calling test_dsc_configuration for base.
[2022-04-04 14:55:00.494] [PID 4920] [TID 4360] [DSCEngine] [INFO] [00000000-0000-0000-0000-000000000000] Job {330D7A98-B427-11EC-8872-002248430018} : LCM has released the resource state cache.
[2022-04-04 14:55:00.494] [PID 4920] [TID 4360] [DSCEngine] [INFO] [00000000-0000-0000-0000-000000000000] Job {330D7A98-B427-11EC-8872-002248430018} : Reading the file content from DSCEngineCache.mof
[2022-04-04 14:55:00.495] [PID 4920] [TID 4360] [DSCEngine] [INFO] [00000000-0000-0000-0000-000000000000] Job {330D7A98-B427-11EC-8872-002248430018} : Reading agent registration information from ('C:\Packages\Plugins\Microsoft.GuestConfiguration.ConfigurationforWindows\1.29.33.0\dsc\GC\..\GC\..\\GC\PullServiceRegistrationInfo\RegistrationInfo.txt')
[2022-04-04 14:55:00.495] [PID 4920] [TID 4360] [Engine] [INFO] [a08f4f16-a277-4856-820e-09b165fd58b2] Testing configuration : configuration_name = base, file_path =
[2022-04-04 14:55:00.496] [PID 4920] [TID 1880] [DSCEngine] [INFO] [00000000-0000-0000-0000-000000000000] Job a08f4f16-a277-4856-820e-09b165fd58b2 : Operation Test-DscConfiguration started by user sid null from computer null.
[2022-04-04 14:55:00.496] [PID 4920] [TID 1880] [DSCEngine] [INFO] [00000000-0000-0000-0000-000000000000] Job a08f4f16-a277-4856-820e-09b165fd58b2 : Deleting file from C:\ProgramData\GuestConfig\Configuration\base\\DSCEngineCache.mof
[2022-04-04 14:55:00.502] [PID 4920] [TID 1880] [DSCEngine] [INFO] [00000000-0000-0000-0000-000000000000] Job a08f4f16-a277-4856-820e-09b165fd58b2 : Getting Metaconfiguration details.
[2022-04-04 14:55:00.503] [PID 4920] [TID 1880] [DSCEngine] [INFO] [00000000-0000-0000-0000-000000000000] Job a08f4f16-a277-4856-820e-09b165fd58b2 : Getting Metaconfiguration details.
[2022-04-04 14:55:00.503] [PID 4920] [TID 1880] [DSCEngine] [INFO] [00000000-0000-0000-0000-000000000000] Job a08f4f16-a277-4856-820e-09b165fd58b2 : Getting Metaconfiguration details.
[2022-04-04 14:55:00.504] [PID 4920] [TID 1880] [DSCEngine] [INFO] [00000000-0000-0000-0000-000000000000] Job a08f4f16-a277-4856-820e-09b165fd58b2 : Function CallTestConfiguration started with parameters
 	 DataSize: 0
 	 Flags: 0
 	 Execution Mode: 0
[2022-04-04 14:55:00.504] [PID 4920] [TID 1880] [DSCEngine] [INFO] [00000000-0000-0000-0000-000000000000] Job a08f4f16-a277-4856-820e-09b165fd58b2 : Displaying messages from the engine:
	 WMI channel 1
	 ResourceID:
	 Message : [pmacktestconfig]: LCM:  [ Start  Test     ]
[2022-04-04 14:55:00.505] [PID 4920] [TID 1880] [DSCEngine] [WARNING] [00000000-0000-0000-0000-000000000000] [c:\git\desiredstateconfiguration\src\dsc\engine\configurationmanager\localconfigmanagerhelper.c:4615] Job a08f4f16-a277-4856-820e-09b165fd58b2 : Displaying messages from built-in DSC resources:
	 WMI channel 0
	 ResourceID:
	 Message : [pmacktestconfig]:                            [] The TEST operation will be carried against a pending configuration since the latest configuration has not converged yet.
[2022-04-04 14:55:00.506] [PID 4920] [TID 1880] [DSCEngine] [WARNING] [00000000-0000-0000-0000-000000000000] [c:\git\desiredstateconfiguration\src\dsc\engine\enginehelper\enginehelper.c:2435] Job a08f4f16-a277-4856-820e-09b165fd58b2 : WarningMessage The TEST operation will be carried against a pending configuration since the latest configuration has not converged yet.
[2022-04-04 14:55:00.506] [PID 4920] [TID 1880] [DSCEngine] [INFO] [00000000-0000-0000-0000-000000000000] Job a08f4f16-a277-4856-820e-09b165fd58b2 : Applying configuration from C:\ProgramData\GuestConfig\Configuration\base\\Pending.mof.
[2022-04-04 14:55:00.507] [PID 4920] [TID 1880] [DSCEngine] [INFO] [00000000-0000-0000-0000-000000000000] Job a08f4f16-a277-4856-820e-09b165fd58b2 : Getting Metaconfiguration details.
[2022-04-04 14:55:00.507] [PID 4920] [TID 1880] [DSCEngine] [INFO] [00000000-0000-0000-0000-000000000000] Job a08f4f16-a277-4856-820e-09b165fd58b2 : Module manager is loading instance document from location C:\ProgramData\GuestConfig\Configuration\base\\Pending.mof
[2022-04-04 14:55:00.512] [PID 4920] [TID 1880] [DSCEngine] [INFO] [00000000-0000-0000-0000-000000000000] Job a08f4f16-a277-4856-820e-09b165fd58b2 : The full path of the native resources 'C:\ProgramData\GuestConfig\Configuration\base\Modules\DscNativeResources\\myService\myService.dll' does not exist.
[2022-04-04 14:55:00.512] [PID 4920] [TID 1880] [DSCEngine] [INFO] [00000000-0000-0000-0000-000000000000] Job a08f4f16-a277-4856-820e-09b165fd58b2 : Getting Metaconfiguration details.
[2022-04-04 14:55:01.088] [PID 4920] [TID 1880] [PSPROVIDER] [INFO] [00000000-0000-0000-0000-000000000000] InitializeCoreCLR(). intializeCoreClr() is successful
[2022-04-04 14:55:01.089] [PID 4920] [TID 1880] [PSPROVIDER] [INFO] [00000000-0000-0000-0000-000000000000] CreateDelegate(). successfully created managed delegate for assemblyName:Microsoft.Windows.DSC.CoreConfProviders, Culture=neutral, PublicKeyToken=31bf3856ad364e35 className:Microsoft.PowerShell.DesiredStateConfiguration.Internal.DscPluginManagedEntryWrapper methodName:InitPlugin
[2022-04-04 14:55:01.092] [PID 4920] [TID 1880] [PSPROVIDER] [INFO] [00000000-0000-0000-0000-000000000000] GetFunctionPtrs(). returnValue:0
[2022-04-04 14:55:14.211] [PID 4920] [TID 1880] [DSCEngine] [INFO] [00000000-0000-0000-0000-000000000000] Job a08f4f16-a277-4856-820e-09b165fd58b2 : Validating instance document.
[2022-04-04 14:55:14.212] [PID 4920] [TID 1880] [DSCEngine] [INFO] [00000000-0000-0000-0000-000000000000] Job a08f4f16-a277-4856-820e-09b165fd58b2 : Parsing the configuration to apply.
[2022-04-04 14:55:14.212] [PID 4920] [TID 1880] [DSCEngine] [INFO] [00000000-0000-0000-0000-000000000000] Job a08f4f16-a277-4856-820e-09b165fd58b2 : Method SendConfigurationApply started with parameters
 	 Class name: OMI_ConfigurationDocument
 	 Resource ID:
 	 Flags: 150994944
 	 Execution Mode: 12582912
 	 DSC resource Namespace: null
[2022-04-04 14:55:14.212] [PID 4920] [TID 1880] [DSCEngine] [INFO] [00000000-0000-0000-0000-000000000000] Job a08f4f16-a277-4856-820e-09b165fd58b2 : Resolving Dependencies inside the configuration document.
[2022-04-04 14:55:14.212] [PID 4920] [TID 1880] [DSCEngine] [INFO] [00000000-0000-0000-0000-000000000000] Job a08f4f16-a277-4856-820e-09b165fd58b2 : Resource execution sequence :: [myService]W32Time.
[2022-04-04 14:55:14.213] [PID 4920] [TID 1880] [DSCEngine] [INFO] [00000000-0000-0000-0000-000000000000] Job a08f4f16-a277-4856-820e-09b165fd58b2 : Setting resources in order. Number of resources: 1
[2022-04-04 14:55:14.213] [PID 4920] [TID 1880] [DSCEngine] [INFO] [00000000-0000-0000-0000-000000000000] Job a08f4f16-a277-4856-820e-09b165fd58b2 : LCM has released the resource state cache.
[2022-04-04 14:55:14.213] [PID 4920] [TID 1880] [DSCEngine] [INFO] [00000000-0000-0000-0000-000000000000] Job a08f4f16-a277-4856-820e-09b165fd58b2 : LCM has resized the resource state cache.
[2022-04-04 14:55:14.213] [PID 4920] [TID 1880] [DSCEngine] [INFO] [00000000-0000-0000-0000-000000000000] Job a08f4f16-a277-4856-820e-09b165fd58b2 : Activity LCM
CurrentOperation [pmacktestconfig] Test
StatusDescription Testing Configuration
 PercentComplete 100
 SecondsRemaining 1
[2022-04-04 14:55:14.214] [PID 4920] [TID 1880] [DSCEngine] [INFO] [00000000-0000-0000-0000-000000000000] Job a08f4f16-a277-4856-820e-09b165fd58b2 : Displaying messages from the engine:
	 WMI channel 1
	 ResourceID: [myService]W32Time
	 Message : [pmacktestconfig]: LCM:  [ Start  Resource ]  [[myService]W32Time]
[2022-04-04 14:55:14.214] [PID 4920] [TID 1880] [DSCEngine] [INFO] [00000000-0000-0000-0000-000000000000] Job a08f4f16-a277-4856-820e-09b165fd58b2 : Getting a registration instance for myService
[2022-04-04 14:55:14.214] [PID 4920] [TID 1880] [DSCEngine] [INFO] [00000000-0000-0000-0000-000000000000] Job a08f4f16-a277-4856-820e-09b165fd58b2 : Moving the resource [myService]W32Time of class myService to desired state.
[2022-04-04 14:55:14.215] [PID 4920] [TID 1880] [DSCEngine] [INFO] [00000000-0000-0000-0000-000000000000] Job a08f4f16-a277-4856-820e-09b165fd58b2 : Getting Metaconfiguration details.
[2022-04-04 14:55:14.215] [PID 4920] [TID 1880] [DSCEngine] [INFO] [00000000-0000-0000-0000-000000000000] Job a08f4f16-a277-4856-820e-09b165fd58b2 : Executing operations for PS DSC resource myService with resource name [myService]W32Time
[2022-04-04 14:55:14.215] [PID 4920] [TID 1880] [DSCEngine] [INFO] [00000000-0000-0000-0000-000000000000] Job a08f4f16-a277-4856-820e-09b165fd58b2 : Method Exec_PSProvider started with parameters
 	 Class name: myService
 	 Resource ID: [myService]W32Time
 	 Flags: 150994944
 	 Execution Mode: 12582912
 	 DSC resource Namespace: null
[2022-04-04 14:55:14.216] [PID 4920] [TID 1880] [DSCEngine] [INFO] [00000000-0000-0000-0000-000000000000] Job a08f4f16-a277-4856-820e-09b165fd58b2 : Displaying messages from the engine:
	 WMI channel 1
	 ResourceID: [myService]W32Time
	 Message : [pmacktestconfig]: LCM:  [ Start  Test     ]  [[myService]W32Time]
[2022-04-04 14:55:15.962] [PID 4920] [TID 1880] [DSCEngine] [INFO] [00000000-0000-0000-0000-000000000000] Job a08f4f16-a277-4856-820e-09b165fd58b2 : Displaying messages from the engine:
	 WMI channel 1
	 ResourceID: [myService]W32Time
	 Message : [pmacktestconfig]: LCM:  [ End    Test     ]  [[myService]W32Time] False in 1.7460 seconds.
[2022-04-04 14:55:15.962] [PID 4920] [TID 1880] [DSCEngine] [INFO] [00000000-0000-0000-0000-000000000000] Job a08f4f16-a277-4856-820e-09b165fd58b2 : Displaying messages from the engine:
	 WMI channel 1
	 ResourceID: [myService]W32Time
	 Message : [pmacktestconfig]: LCM:  [ End    Resource ]  [[myService]W32Time]
[2022-04-04 14:55:15.964] [PID 4920] [TID 1880] [DSCEngine] [INFO] [00000000-0000-0000-0000-000000000000] Job a08f4f16-a277-4856-820e-09b165fd58b2 : Displaying messages from the engine:
	 WMI channel 1
	 ResourceID:
	 Message : [pmacktestconfig]: LCM:  [ End    Test     ]     Completed processing test operation. The operation returned False.
[2022-04-04 14:55:15.964] [PID 4920] [TID 1880] [DSCEngine] [INFO] [00000000-0000-0000-0000-000000000000] Job a08f4f16-a277-4856-820e-09b165fd58b2 : Method CallTestConfiguration ended successfully
[2022-04-04 14:55:15.964] [PID 4920] [TID 1880] [DSCEngine] [INFO] [00000000-0000-0000-0000-000000000000] Job a08f4f16-a277-4856-820e-09b165fd58b2 : Displaying messages from the engine:
	 WMI channel 1
	 ResourceID: LCM
	 Message : [pmacktestconfig]: LCM:  [ End    Test     ]    in  15.4680 seconds.
[2022-04-04 14:55:15.965] [PID 4920] [TID 1880] [DSCEngine] [INFO] [00000000-0000-0000-0000-000000000000] Job a08f4f16-a277-4856-820e-09b165fd58b2 : Operation Test-DscConfiguration completed successfully.
[2022-04-04 14:55:15.965] [PID 4920] [TID 1880] [DSCEngine] [INFO] [00000000-0000-0000-0000-000000000000] Job a08f4f16-a277-4856-820e-09b165fd58b2 : Getting Metaconfiguration details.
[2022-04-04 14:55:15.965] [PID 4920] [TID 1880] [DSCEngine] [INFO] [00000000-0000-0000-0000-000000000000] Job a08f4f16-a277-4856-820e-09b165fd58b2 : Deleting file from C:\ProgramData\GuestConfig\Configuration\base\\DSCEngineCache.mof
[2022-04-04 14:55:15.967] [PID 4920] [TID 1880] [DSCEngine] [INFO] [00000000-0000-0000-0000-000000000000] Job a08f4f16-a277-4856-820e-09b165fd58b2 : Method CU_TestConfiguration ended successfully
[2022-04-04 14:55:15.967] [PID 4920] [TID 4360] [Engine] [INFO] [a08f4f16-a277-4856-820e-09b165fd58b2] Test configuration completed successfully.
[2022-04-04 14:55:15.975] [PID 4920] [TID 4360] [DSCEngine] [INFO] [00000000-0000-0000-0000-000000000000] Job  : LCM has released the resource state cache.
[2022-04-04 14:55:15.975] [PID 4920] [TID 4360] [CONSISTENCY_OPERATIONS] [INFO] [Starting get_dsc_configuration in run_consistency for configuration '{0}'] base
[2022-04-04 14:55:15.976] [PID 4920] [TID 4360] [CONSISTENCY_OPERATIONS] [INFO] [a08f4f16-a277-4856-820e-09b165fd58b2] Calling get_dsc_configuration for base.
[2022-04-04 14:55:15.985] [PID 4920] [TID 4360] [DSCEngine] [INFO] [00000000-0000-0000-0000-000000000000] Job {3C47F022-B427-11EC-8872-002248430018} : LCM has released the resource state cache.
[2022-04-04 14:55:15.986] [PID 4920] [TID 4360] [DSCEngine] [INFO] [00000000-0000-0000-0000-000000000000] Job {3C47F022-B427-11EC-8872-002248430018} : Reading the file content from DSCEngineCache.mof
[2022-04-04 14:55:15.987] [PID 4920] [TID 4360] [DSCEngine] [INFO] [00000000-0000-0000-0000-000000000000] Job {3C47F022-B427-11EC-8872-002248430018} : Reading agent registration information from ('C:\Packages\Plugins\Microsoft.GuestConfiguration.ConfigurationforWindows\1.29.33.0\dsc\GC\..\GC\..\\GC\PullServiceRegistrationInfo\RegistrationInfo.txt')
[2022-04-04 14:55:15.987] [PID 4920] [TID 4360] [Engine] [INFO] [a08f4f16-a277-4856-820e-09b165fd58b2] Getting configuration : configuration_name = base, file_path = ''
[2022-04-04 14:55:15.988] [PID 4920] [TID 1880] [DSCEngine] [INFO] [00000000-0000-0000-0000-000000000000] Job a08f4f16-a277-4856-820e-09b165fd58b2 : Operation Get-DscConfiguration started by user sid null from computer null.
[2022-04-04 14:55:15.988] [PID 4920] [TID 1880] [DSCEngine] [INFO] [00000000-0000-0000-0000-000000000000] Job a08f4f16-a277-4856-820e-09b165fd58b2 : Deleting file from C:\ProgramData\GuestConfig\Configuration\base\\DSCEngineCache.mof
[2022-04-04 14:55:15.992] [PID 4920] [TID 1880] [DSCEngine] [INFO] [00000000-0000-0000-0000-000000000000] Job a08f4f16-a277-4856-820e-09b165fd58b2 : Getting Metaconfiguration details.
[2022-04-04 14:55:15.993] [PID 4920] [TID 1880] [DSCEngine] [INFO] [00000000-0000-0000-0000-000000000000] Job a08f4f16-a277-4856-820e-09b165fd58b2 : Getting Metaconfiguration details.
[2022-04-04 14:55:15.993] [PID 4920] [TID 1880] [DSCEngine] [INFO] [00000000-0000-0000-0000-000000000000] Job a08f4f16-a277-4856-820e-09b165fd58b2 : Getting Metaconfiguration details.
[2022-04-04 14:55:15.994] [PID 4920] [TID 1880] [DSCEngine] [INFO] [00000000-0000-0000-0000-000000000000] Job a08f4f16-a277-4856-820e-09b165fd58b2 : Function CallGetConfiguration started with parameters
 	 DataSize: 0
 	 Flags: 0
 	 Execution Mode: 0
[2022-04-04 14:55:15.994] [PID 4920] [TID 1880] [DSCEngine] [INFO] [00000000-0000-0000-0000-000000000000] Job a08f4f16-a277-4856-820e-09b165fd58b2 : Deleting file from C:\ProgramData\GuestConfig\Configuration\base\\Get.mof
[2022-04-04 14:55:15.995] [PID 4920] [TID 1880] [DSCEngine] [WARNING] [00000000-0000-0000-0000-000000000000] [c:\git\desiredstateconfiguration\src\dsc\engine\configurationmanager\localconfigmanagerhelper.c:4615] Job a08f4f16-a277-4856-820e-09b165fd58b2 : Displaying messages from built-in DSC resources:
	 WMI channel 0
	 ResourceID:
	 Message : [pmacktestconfig]:                            [] The GET operation will be carried against a pending configuration since the latest configuration has not converged yet.
[2022-04-04 14:55:15.996] [PID 4920] [TID 1880] [DSCEngine] [WARNING] [00000000-0000-0000-0000-000000000000] [c:\git\desiredstateconfiguration\src\dsc\engine\enginehelper\enginehelper.c:2435] Job a08f4f16-a277-4856-820e-09b165fd58b2 : WarningMessage The GET operation will be carried against a pending configuration since the latest configuration has not converged yet.
[2022-04-04 14:55:15.997] [PID 4920] [TID 1880] [DSCEngine] [INFO] [00000000-0000-0000-0000-000000000000] Job a08f4f16-a277-4856-820e-09b165fd58b2 : Module manager is loading instance document from location C:\ProgramData\GuestConfig\Configuration\base\\Get.mof
[2022-04-04 14:55:16.513] [PID 4920] [TID 1880] [DSCEngine] [INFO] [00000000-0000-0000-0000-000000000000] Job a08f4f16-a277-4856-820e-09b165fd58b2 : The full path of the native resources 'C:\ProgramData\GuestConfig\Configuration\base\Modules\DscNativeResources\\myService\myService.dll' does not exist.
[2022-04-04 14:55:16.513] [PID 4920] [TID 1880] [DSCEngine] [INFO] [00000000-0000-0000-0000-000000000000] Job a08f4f16-a277-4856-820e-09b165fd58b2 : Getting Metaconfiguration details.
[2022-04-04 14:55:16.513] [PID 4920] [TID 1880] [PSPROVIDER] [INFO] [00000000-0000-0000-0000-000000000000] GetFunctionPtrs(). returnValue:0
[2022-04-04 14:55:16.524] [PID 4920] [TID 1880] [DSCEngine] [INFO] [00000000-0000-0000-0000-000000000000] Job a08f4f16-a277-4856-820e-09b165fd58b2 : Validating instance document.
[2022-04-04 14:55:16.524] [PID 4920] [TID 1880] [DSCEngine] [INFO] [00000000-0000-0000-0000-000000000000] Job a08f4f16-a277-4856-820e-09b165fd58b2 : Displaying messages from the engine:
	 WMI channel 1
	 ResourceID:
	 Message : [pmacktestconfig]: LCM:  [ Start  Get      ]
[2022-04-04 14:55:16.525] [PID 4920] [TID 1880] [DSCEngine] [INFO] [00000000-0000-0000-0000-000000000000] Job a08f4f16-a277-4856-820e-09b165fd58b2 : Getting Metaconfiguration details.
[2022-04-04 14:55:16.525] [PID 4920] [TID 1880] [DSCEngine] [INFO] [00000000-0000-0000-0000-000000000000] Job a08f4f16-a277-4856-820e-09b165fd58b2 : Executing GET for PS DSC resource myService with resource name [myService]W32Time
[2022-04-04 14:55:16.525] [PID 4920] [TID 1880] [DSCEngine] [INFO] [00000000-0000-0000-0000-000000000000] Job a08f4f16-a277-4856-820e-09b165fd58b2 : Method Get_PSProvider started with parameters
 	 Class name: myService
 	 Resource ID: [myService]W32Time
 	 Flags: 0
 	 Execution Mode: 12582912
 	 DSC resource Namespace: null
[2022-04-04 14:55:16.568] [PID 4920] [TID 1880] [DSCManagedEngine] [WARNING] [00000000-0000-0000-0000-000000000000] [:0] Job a08f4f16-a277-4856-820e-09b165fd58b2 : This event indicates that a non-terminating error was thrown when DSCEngine was executing Get-TargetResource on myService DSC resource. FullyQualifiedErrorId is AddHashTableToNonHashTable. Error Message is A hash table can only be added to another hash table..
[2022-04-04 14:55:17.148] [PID 4920] [TID 1880] [DSCEngine] [ERROR] [00000000-0000-0000-0000-000000000000] [c:\git\desiredstateconfiguration\src\dsc\gc_diagnostics\dsc_logger.cpp:157] [c:\git\desiredstateconfiguration\src\dsc\engine\configurationmanager\localconfigmanagerhelper.c:5991] Job a08f4f16-a277-4856-820e-09b165fd58b2 : MIResult: 1
Error Message: A hash table can only be added to another hash table.
Message ID: AddHashTableToNonHashTable
Error Category: 7
Error Code: 7
Error Type: MI
[2022-04-04 14:55:17.224] [PID 4920] [TID 1880] [DSCEngine] [ERROR] [00000000-0000-0000-0000-000000000000] [c:\git\desiredstateconfiguration\src\dsc\gc_diagnostics\dsc_logger.cpp:157] [c:\git\desiredstateconfiguration\src\dsc\engine\ca\cainfrastructure\caengine.c:1773] Job a08f4f16-a277-4856-820e-09b165fd58b2 : This event indicates that failure happens when LCM is processing the configuration. Error Id is 1. Error Detail is The SendConfigurationApply function did not succeed.. Resource Id is [myService]W32Time and Source Info is D:\Code\AzDevOps\Lloyds\GLB\glb-guest-configuration\configs\designerBase\base.ps1::5::9::myService. Error Message is The PowerShell DSC resource '[myService]W32Time' with SourceInfo 'D:\Code\AzDevOps\Lloyds\GLB\glb-guest-configuration\configs\designerBase\base.ps1::5::9::myService' threw one or more non-terminating errors while running the Get-TargetResource functionality. These errors are logged to the ETW channel called Microsoft-Windows-DSC/Operational. Refer to this channel for more details..
[2022-04-04 14:55:17.224] [PID 4920] [TID 1880] [DSCEngine] [ERROR] [00000000-0000-0000-0000-000000000000] [c:\git\desiredstateconfiguration\src\dsc\gc_diagnostics\dsc_logger.cpp:157] [c:\git\desiredstateconfiguration\src\dsc\engine\configurationmanager\localconfigmanagerhelper.c:6044] Job a08f4f16-a277-4856-820e-09b165fd58b2 : MIResult: 1
Error Message: The PowerShell DSC resource '[myService]W32Time' with SourceInfo 'D:\Code\AzDevOps\Lloyds\GLB\glb-guest-configuration\configs\designerBase\base.ps1::5::9::myService' threw one or more non-terminating errors while running the Get-TargetResource functionality. These errors are logged to the ETW channel called Microsoft-Windows-DSC/Operational. Refer to this channel for more details.
Message ID: NonTerminatingErrorFromProvider
Error Category: 7
Error Code: 1
Error Type: MI
[2022-04-04 14:55:17.224] [PID 4920] [TID 1880] [DSCEngine] [INFO] [00000000-0000-0000-0000-000000000000] Job a08f4f16-a277-4856-820e-09b165fd58b2 : Getting Metaconfiguration details.
[2022-04-04 14:55:17.225] [PID 4920] [TID 1880] [DSCEngine] [INFO] [00000000-0000-0000-0000-000000000000] Job a08f4f16-a277-4856-820e-09b165fd58b2 : Deleting file from C:\ProgramData\GuestConfig\Configuration\base\\DSCEngineCache.mof
[2022-04-04 14:55:17.226] [PID 4920] [TID 1880] [DSCEngine] [INFO] [00000000-0000-0000-0000-000000000000] Job a08f4f16-a277-4856-820e-09b165fd58b2 : Method CU_GetConfiguration ended successfully
[2022-04-04 14:55:19.497] [PID 4920] [TID 4360] [DSCEngine] [INFO] [00000000-0000-0000-0000-000000000000] Job  : LCM has released the resource state cache.
[2022-04-04 14:55:19.499] [PID 4920] [TID 4360] [Reports] [INFO] [a08f4f16-a277-4856-820e-09b165fd58b2] Creating assignment report for job 'a08f4f16-a277-4856-820e-09b165fd58b2'. Resource 'GuestConfig agent failed to compute compliance status.' is not compliant because A hash table can only be added to another hash table.
The PowerShell DSC resource '[myService]W32Time' with SourceInfo 'D:\Code\AzDevOps\Lloyds\GLB\glb-guest-configuration\configs\designerBase\base.ps1::5::9::myService' threw one or more non-terminating errors while running the Get-TargetResource functionality. These errors are logged to the ETW channel called Microsoft-Windows-DSC/Operational. Refer to this channel for more details.
 (DscConfigurationExecutionFailed).
[2022-04-04 14:55:19.499] [PID 4920] [TID 4360] [Pull Client] [INFO] [a08f4f16-a277-4856-820e-09b165fd58b2] Initializing pull client.
[2022-04-04 14:55:20.105] [PID 4920] [TID 4360] [METADATA_INFO] [INFO] [00000000-0000-0000-0000-000000000000] Resouce Id from get_vm_resource_id - subscriptions/dd954fbc-e5aa-463a-90d5-bd799cf06ea3/resourceGroups/pmacktestconfig/providers/Microsoft.Compute/virtualMachines/pmacktestconfig
[2022-04-04 14:55:20.117] [PID 4920] [TID 4360] [METADATA_INFO] [INFO] [00000000-0000-0000-0000-000000000000] Getting msi info from public region for vm located in 'uksouth' location.
[2022-04-04 14:55:20.117] [PID 4920] [TID 4360] [METADATA_INFO] [INFO] [00000000-0000-0000-0000-000000000000] Connecting to MSI endpoint: http://169.254.169.254/metadata/identity/oauth2/token?api-version=2018-02-01&resource=https%3A%2F%2Fmanagement.core.windows.net%2F
[2022-04-04 14:55:20.141] [PID 4920] [TID 4360] [PROXY_INFO] [INFO] [00000000-0000-0000-0000-000000000000] No proxy settings used. Proxy settings from 'https_proxy' env. variable are empty.
[2022-04-04 14:55:20.141] [PID 4920] [TID 4360] [Pull Client] [INFO] [a08f4f16-a277-4856-820e-09b165fd58b2] Sending report for 'base' to 'https://uksouth-gas.guestconfiguration.azure.com/virtualMachines/e39cb88f-b197-42d0-ae44-913698e2b8ec/assignments/base/reports?api-version=2020-11-08'
[2022-04-04 14:55:20.262] [PID 4920] [TID 4360] [Reports] [INFO] [a08f4f16-a277-4856-820e-09b165fd58b2] Sent assignment report for job 'a08f4f16-a277-4856-820e-09b165fd58b2'. Compliance = false'
[2022-04-04 14:55:20.263] [PID 4920] [TID 4360] [WORKER] [ERROR] [7d7509b7-9bdb-4ba1-99eb-58ae77567e27] [c:\git\desiredstateconfiguration\src\dsc\gc_worker\dsc_worker.cpp:199] Failed to Run Consistency for 'base' Error : A hash table can only be added to another hash table.
The PowerShell DSC resource '[myService]W32Time' with SourceInfo 'D:\Code\AzDevOps\Lloyds\GLB\glb-guest-configuration\configs\designerBase\base.ps1::5::9::myService' threw one or more non-terminating errors while running the Get-TargetResource functionality. These errors are logged to the ETW channel called Microsoft-Windows-DSC/Operational. Refer to this channel for more details.
, Call Stack :
1. dsc_internal::system_utilities::dsc_sleep [0x7ffd89755dc0]
2. dsc_internal::system_utilities::dsc_sleep [0x7ffd89755dc0]
3. DSCLib_SetDscLocalConfigurationManagerV2 [0x7ffd88f19830]
4. DSCLib_SetDscLocalConfigurationManagerV2 [0x7ffd88f19830]
5. dsc::consistency_operations::consistency_operations [0x7ffd89353240]
6. dsc::consistency_operations::consistency_operations [0x7ffd89353240]
7. dsc::consistency_operations::consistency_operations [0x7ffd89353240]
8. dsc::consistency_operations::consistency_operations [0x7ffd89353240]
9. dsc::gc_operations::get_assignments [0x7ffd96372550]
d. o_exp [0x7ffd9e382630]
e. BaseThreadInitThunk [0x7ffd9ee87960]
f. RtlUserThreadStart [0x7ffda185a2d0]

[2022-04-04 14:55:20.263] [PID 4920] [TID 4360] [GC_OPERATIONS] [INFO] [00000000-0000-0000-0000-000000000000] Agent is waiting for running operations to finish. Current active operation count is 0.
[2022-04-04 14:55:20.264] [PID 4920] [TID 4360] [GC_OPERATIONS] [INFO] [00000000-0000-0000-0000-000000000000] All the active operations are finished.
[2022-04-04 14:55:20.264] [PID 4920] [TID 4360] [CONSISTENCY_OPERATIONS] [INFO] [00000000-0000-0000-0000-000000000000] Deleting consistency operation context.
[2022-04-04 14:55:20.264] [PID 4920] [TID 4360] [CONSISTENCY_OPERATIONS] [INFO] [00000000-0000-0000-0000-000000000000] Consistency operation context deleted successfully.
[2022-04-04 14:55:20.264] [PID 4920] [TID 4360] [GCCACHE_OPERATIONS] [INFO] [00000000-0000-0000-0000-000000000000] gc cache context deleted successfully.
[2022-04-04 14:55:20.297] [PID 4920] [TID 2204] [PSPROVIDER] [INFO] [00000000-0000-0000-0000-000000000000] Cleanup(). shutdownCoreClr() is successful
